mode: atomic
github.com/greynoise-maltego/maltego-go/internal/maltego/request.go:62.50,64.50 2 11
github.com/greynoise-maltego/maltego-go/internal/maltego/request.go:64.50,66.3 1 3
github.com/greynoise-maltego/maltego-go/internal/maltego/request.go:68.2,69.72 2 8
github.com/greynoise-maltego/maltego-go/internal/maltego/request.go:69.72,71.3 1 4
github.com/greynoise-maltego/maltego-go/internal/maltego/request.go:73.2,74.55 2 8
github.com/greynoise-maltego/maltego-go/internal/maltego/request.go:74.55,76.3 1 4
github.com/greynoise-maltego/maltego-go/internal/maltego/request.go:78.2,80.20 3 8
github.com/greynoise-maltego/maltego-go/internal/maltego/request.go:80.20,82.3 1 6
github.com/greynoise-maltego/maltego-go/internal/maltego/request.go:83.2,83.20 1 8
github.com/greynoise-maltego/maltego-go/internal/maltego/request.go:83.20,85.3 1 6
github.com/greynoise-maltego/maltego-go/internal/maltego/request.go:87.2,94.8 1 8
github.com/greynoise-maltego/maltego-go/internal/maltego/request.go:97.50,98.51 1 3
github.com/greynoise-maltego/maltego-go/internal/maltego/request.go:98.51,100.3 1 1
github.com/greynoise-maltego/maltego-go/internal/maltego/request.go:101.2,101.17 1 2
github.com/greynoise-maltego/maltego-go/internal/maltego/response.go:42.30,44.2 1 15
github.com/greynoise-maltego/maltego-go/internal/maltego/response.go:46.71,55.2 3 10
github.com/greynoise-maltego/maltego-go/internal/maltego/response.go:57.54,59.2 1 5
github.com/greynoise-maltego/maltego-go/internal/maltego/response.go:61.39,63.2 1 2
github.com/greynoise-maltego/maltego-go/internal/maltego/response.go:65.43,67.2 1 3
github.com/greynoise-maltego/maltego-go/internal/maltego/response.go:75.57,78.2 2 2
github.com/greynoise-maltego/maltego-go/internal/maltego/response.go:80.63,83.2 2 0
github.com/greynoise-maltego/maltego-go/internal/maltego/response.go:85.77,91.2 2 3
github.com/greynoise-maltego/maltego-go/internal/maltego/response.go:93.99,99.2 2 3
github.com/greynoise-maltego/maltego-go/internal/maltego/response.go:156.44,164.31 2 15
github.com/greynoise-maltego/maltego-go/internal/maltego/response.go:164.31,172.36 2 10
github.com/greynoise-maltego/maltego-go/internal/maltego/response.go:172.36,174.43 2 3
github.com/greynoise-maltego/maltego-go/internal/maltego/response.go:174.43,180.5 1 3
github.com/greynoise-maltego/maltego-go/internal/maltego/response.go:181.4,181.30 1 3
github.com/greynoise-maltego/maltego-go/internal/maltego/response.go:184.3,184.28 1 10
github.com/greynoise-maltego/maltego-go/internal/maltego/response.go:184.28,186.35 2 2
github.com/greynoise-maltego/maltego-go/internal/maltego/response.go:186.35,193.5 1 3
github.com/greynoise-maltego/maltego-go/internal/maltego/response.go:194.4,194.28 1 2
github.com/greynoise-maltego/maltego-go/internal/maltego/response.go:197.3,197.78 1 10
github.com/greynoise-maltego/maltego-go/internal/maltego/response.go:200.2,200.33 1 15
github.com/greynoise-maltego/maltego-go/internal/maltego/response.go:200.33,205.3 1 5
github.com/greynoise-maltego/maltego-go/internal/maltego/response.go:207.2,208.16 2 15
github.com/greynoise-maltego/maltego-go/internal/maltego/response.go:208.16,210.3 1 0
github.com/greynoise-maltego/maltego-go/internal/maltego/response.go:211.2,211.49 1 15
github.com/greynoise-maltego/maltego-go/internal/maltego/response.go:214.48,218.2 3 1
github.com/greynoise-maltego/maltego-go/internal/transforms/community_ip_lookup.go:13.43,13.82 1 1
github.com/greynoise-maltego/maltego-go/internal/transforms/community_ip_lookup.go:15.128,19.16 3 4
github.com/greynoise-maltego/maltego-go/internal/transforms/community_ip_lookup.go:19.16,22.3 2 1
github.com/greynoise-maltego/maltego-go/internal/transforms/community_ip_lookup.go:24.2,24.44 1 3
github.com/greynoise-maltego/maltego-go/internal/transforms/community_ip_lookup.go:24.44,27.3 2 1
github.com/greynoise-maltego/maltego-go/internal/transforms/community_ip_lookup.go:29.2,44.18 4 2
github.com/greynoise-maltego/maltego-go/internal/transforms/noise_ip_all_details.go:14.49,14.94 1 1
github.com/greynoise-maltego/maltego-go/internal/transforms/noise_ip_all_details.go:16.134,20.16 3 3
github.com/greynoise-maltego/maltego-go/internal/transforms/noise_ip_all_details.go:20.16,23.3 2 1
github.com/greynoise-maltego/maltego-go/internal/transforms/noise_ip_all_details.go:25.2,25.13 1 2
github.com/greynoise-maltego/maltego-go/internal/transforms/noise_ip_all_details.go:25.13,28.3 2 1
github.com/greynoise-maltego/maltego-go/internal/transforms/noise_ip_all_details.go:30.2,58.18 4 1
github.com/greynoise-maltego/maltego-go/internal/transforms/noise_ip_get_actor.go:13.47,13.90 1 1
github.com/greynoise-maltego/maltego-go/internal/transforms/noise_ip_get_actor.go:15.132,19.16 3 3
github.com/greynoise-maltego/maltego-go/internal/transforms/noise_ip_get_actor.go:19.16,22.3 2 0
github.com/greynoise-maltego/maltego-go/internal/transforms/noise_ip_get_actor.go:24.2,24.13 1 3
github.com/greynoise-maltego/maltego-go/internal/transforms/noise_ip_get_actor.go:24.13,27.3 2 1
github.com/greynoise-maltego/maltego-go/internal/transforms/noise_ip_get_actor.go:29.2,29.19 1 2
github.com/greynoise-maltego/maltego-go/internal/transforms/noise_ip_get_actor.go:29.19,32.3 2 1
github.com/greynoise-maltego/maltego-go/internal/transforms/noise_ip_get_actor.go:34.2,40.18 3 1
github.com/greynoise-maltego/maltego-go/internal/transforms/noise_ip_get_cves.go:13.46,13.88 1 1
github.com/greynoise-maltego/maltego-go/internal/transforms/noise_ip_get_cves.go:15.131,19.16 3 2
github.com/greynoise-maltego/maltego-go/internal/transforms/noise_ip_get_cves.go:19.16,22.3 2 0
github.com/greynoise-maltego/maltego-go/internal/transforms/noise_ip_get_cves.go:24.2,24.13 1 2
github.com/greynoise-maltego/maltego-go/internal/transforms/noise_ip_get_cves.go:24.13,27.3 2 0
github.com/greynoise-maltego/maltego-go/internal/transforms/noise_ip_get_cves.go:29.2,29.22 1 2
github.com/greynoise-maltego/maltego-go/internal/transforms/noise_ip_get_cves.go:29.22,32.3 2 1
github.com/greynoise-maltego/maltego-go/internal/transforms/noise_ip_get_cves.go:34.2,34.29 1 1
github.com/greynoise-maltego/maltego-go/internal/transforms/noise_ip_get_cves.go:34.29,38.3 1 3
github.com/greynoise-maltego/maltego-go/internal/transforms/noise_ip_get_cves.go:40.2,41.18 2 1
github.com/greynoise-maltego/maltego-go/internal/transforms/noise_ip_get_org.go:13.45,13.86 1 1
github.com/greynoise-maltego/maltego-go/internal/transforms/noise_ip_get_org.go:15.130,19.16 3 3
github.com/greynoise-maltego/maltego-go/internal/transforms/noise_ip_get_org.go:19.16,22.3 2 0
github.com/greynoise-maltego/maltego-go/internal/transforms/noise_ip_get_org.go:24.2,24.13 1 3
github.com/greynoise-maltego/maltego-go/internal/transforms/noise_ip_get_org.go:24.13,27.3 2 0
github.com/greynoise-maltego/maltego-go/internal/transforms/noise_ip_get_org.go:29.2,30.15 2 3
github.com/greynoise-maltego/maltego-go/internal/transforms/noise_ip_get_org.go:30.15,32.3 1 2
github.com/greynoise-maltego/maltego-go/internal/transforms/noise_ip_get_org.go:33.2,33.15 1 3
github.com/greynoise-maltego/maltego-go/internal/transforms/noise_ip_get_org.go:33.15,36.3 2 1
github.com/greynoise-maltego/maltego-go/internal/transforms/noise_ip_get_org.go:38.2,51.18 4 2
github.com/greynoise-maltego/maltego-go/internal/transforms/noise_ip_get_ports.go:13.47,13.90 1 1
github.com/greynoise-maltego/maltego-go/internal/transforms/noise_ip_get_ports.go:15.132,19.16 3 3
github.com/greynoise-maltego/maltego-go/internal/transforms/noise_ip_get_ports.go:19.16,22.3 2 0
github.com/greynoise-maltego/maltego-go/internal/transforms/noise_ip_get_ports.go:24.2,24.13 1 3
github.com/greynoise-maltego/maltego-go/internal/transforms/noise_ip_get_ports.go:24.13,27.3 2 0
github.com/greynoise-maltego/maltego-go/internal/transforms/noise_ip_get_ports.go:30.2,30.29 1 3
github.com/greynoise-maltego/maltego-go/internal/transforms/noise_ip_get_ports.go:30.29,31.39 1 1
github.com/greynoise-maltego/maltego-go/internal/transforms/noise_ip_get_ports.go:31.39,37.4 2 2
github.com/greynoise-maltego/maltego-go/internal/transforms/noise_ip_get_ports.go:38.3,39.19 2 1
github.com/greynoise-maltego/maltego-go/internal/transforms/noise_ip_get_ports.go:42.2,42.23 1 2
github.com/greynoise-maltego/maltego-go/internal/transforms/noise_ip_get_ports.go:42.23,45.3 2 1
github.com/greynoise-maltego/maltego-go/internal/transforms/noise_ip_get_ports.go:47.2,47.31 1 1
github.com/greynoise-maltego/maltego-go/internal/transforms/noise_ip_get_ports.go:47.31,52.3 2 2
github.com/greynoise-maltego/maltego-go/internal/transforms/noise_ip_get_ports.go:54.2,55.18 2 1
github.com/greynoise-maltego/maltego-go/internal/transforms/noise_ip_get_tags.go:13.46,13.88 1 1
github.com/greynoise-maltego/maltego-go/internal/transforms/noise_ip_get_tags.go:15.131,19.16 3 2
github.com/greynoise-maltego/maltego-go/internal/transforms/noise_ip_get_tags.go:19.16,22.3 2 0
github.com/greynoise-maltego/maltego-go/internal/transforms/noise_ip_get_tags.go:24.2,24.13 1 2
github.com/greynoise-maltego/maltego-go/internal/transforms/noise_ip_get_tags.go:24.13,27.3 2 0
github.com/greynoise-maltego/maltego-go/internal/transforms/noise_ip_get_tags.go:29.2,29.22 1 2
github.com/greynoise-maltego/maltego-go/internal/transforms/noise_ip_get_tags.go:29.22,32.3 2 1
github.com/greynoise-maltego/maltego-go/internal/transforms/noise_ip_get_tags.go:34.2,34.29 1 1
github.com/greynoise-maltego/maltego-go/internal/transforms/noise_ip_get_tags.go:34.29,39.3 1 3
github.com/greynoise-maltego/maltego-go/internal/transforms/noise_ip_get_tags.go:41.2,42.18 2 1
github.com/greynoise-maltego/maltego-go/internal/transforms/noise_ip_sims.go:14.37,14.70 1 1
github.com/greynoise-maltego/maltego-go/internal/transforms/noise_ip_sims.go:16.122,20.16 3 4
github.com/greynoise-maltego/maltego-go/internal/transforms/noise_ip_sims.go:20.16,23.3 2 1
github.com/greynoise-maltego/maltego-go/internal/transforms/noise_ip_sims.go:25.2,25.25 1 3
github.com/greynoise-maltego/maltego-go/internal/transforms/noise_ip_sims.go:25.25,28.3 2 1
github.com/greynoise-maltego/maltego-go/internal/transforms/noise_ip_sims.go:30.2,31.42 2 2
github.com/greynoise-maltego/maltego-go/internal/transforms/noise_ip_sims.go:31.42,33.3 1 1
github.com/greynoise-maltego/maltego-go/internal/transforms/noise_ip_sims.go:35.2,35.40 1 2
github.com/greynoise-maltego/maltego-go/internal/transforms/noise_ip_sims.go:35.40,46.3 2 7
github.com/greynoise-maltego/maltego-go/internal/transforms/noise_ip_sims.go:48.2,49.18 2 2
github.com/greynoise-maltego/maltego-go/internal/transforms/query_by_actor.go:13.38,13.72 1 2
github.com/greynoise-maltego/maltego-go/internal/transforms/query_by_actor.go:15.123,20.16 4 5
github.com/greynoise-maltego/maltego-go/internal/transforms/query_by_actor.go:20.16,23.3 2 1
github.com/greynoise-maltego/maltego-go/internal/transforms/query_by_actor.go:25.2,25.22 1 4
github.com/greynoise-maltego/maltego-go/internal/transforms/query_by_actor.go:25.22,28.3 2 2
github.com/greynoise-maltego/maltego-go/internal/transforms/query_by_actor.go:30.2,30.31 1 2
github.com/greynoise-maltego/maltego-go/internal/transforms/query_by_actor.go:30.31,36.3 1 3
github.com/greynoise-maltego/maltego-go/internal/transforms/query_by_actor.go:38.2,39.18 2 2
github.com/greynoise-maltego/maltego-go/internal/transforms/query_by_asn.go:14.36,14.68 1 2
github.com/greynoise-maltego/maltego-go/internal/transforms/query_by_asn.go:16.121,21.52 3 6
github.com/greynoise-maltego/maltego-go/internal/transforms/query_by_asn.go:21.52,23.3 1 2
github.com/greynoise-maltego/maltego-go/internal/transforms/query_by_asn.go:25.2,27.16 3 6
github.com/greynoise-maltego/maltego-go/internal/transforms/query_by_asn.go:27.16,30.3 2 1
github.com/greynoise-maltego/maltego-go/internal/transforms/query_by_asn.go:32.2,32.22 1 5
github.com/greynoise-maltego/maltego-go/internal/transforms/query_by_asn.go:32.22,35.3 2 2
github.com/greynoise-maltego/maltego-go/internal/transforms/query_by_asn.go:37.2,37.31 1 3
github.com/greynoise-maltego/maltego-go/internal/transforms/query_by_asn.go:37.31,43.3 1 5
github.com/greynoise-maltego/maltego-go/internal/transforms/query_by_asn.go:45.2,46.18 2 3
github.com/greynoise-maltego/maltego-go/internal/transforms/query_by_cve.go:14.36,14.68 1 2
github.com/greynoise-maltego/maltego-go/internal/transforms/query_by_cve.go:16.121,22.16 5 5
github.com/greynoise-maltego/maltego-go/internal/transforms/query_by_cve.go:22.16,25.3 2 1
github.com/greynoise-maltego/maltego-go/internal/transforms/query_by_cve.go:27.2,27.22 1 4
github.com/greynoise-maltego/maltego-go/internal/transforms/query_by_cve.go:27.22,30.3 2 2
github.com/greynoise-maltego/maltego-go/internal/transforms/query_by_cve.go:32.2,32.31 1 2
github.com/greynoise-maltego/maltego-go/internal/transforms/query_by_cve.go:32.31,39.3 1 3
github.com/greynoise-maltego/maltego-go/internal/transforms/query_by_cve.go:41.2,42.18 2 2
github.com/greynoise-maltego/maltego-go/internal/transforms/query_by_tag.go:13.36,13.68 1 2
github.com/greynoise-maltego/maltego-go/internal/transforms/query_by_tag.go:15.121,20.16 4 5
github.com/greynoise-maltego/maltego-go/internal/transforms/query_by_tag.go:20.16,23.3 2 1
github.com/greynoise-maltego/maltego-go/internal/transforms/query_by_tag.go:25.2,25.22 1 4
github.com/greynoise-maltego/maltego-go/internal/transforms/query_by_tag.go:25.22,28.3 2 2
github.com/greynoise-maltego/maltego-go/internal/transforms/query_by_tag.go:30.2,30.31 1 2
github.com/greynoise-maltego/maltego-go/internal/transforms/query_by_tag.go:30.31,36.3 1 4
github.com/greynoise-maltego/maltego-go/internal/transforms/query_by_tag.go:38.2,39.18 2 2
github.com/greynoise-maltego/maltego-go/internal/transforms/registry.go:23.30,25.2 1 9
github.com/greynoise-maltego/maltego-go/internal/transforms/registry.go:27.42,29.2 1 9
github.com/greynoise-maltego/maltego-go/internal/transforms/registry.go:31.55,34.2 2 9
github.com/greynoise-maltego/maltego-go/internal/transforms/registry.go:36.37,38.33 2 3
github.com/greynoise-maltego/maltego-go/internal/transforms/registry.go:38.33,40.3 1 4
github.com/greynoise-maltego/maltego-go/internal/transforms/registry.go:41.2,41.14 1 3
github.com/greynoise-maltego/maltego-go/internal/transforms/registry.go:44.132,46.9 2 3
github.com/greynoise-maltego/maltego-go/internal/transforms/registry.go:46.9,48.3 1 1
github.com/greynoise-maltego/maltego-go/internal/transforms/registry.go:49.2,49.32 1 2
github.com/greynoise-maltego/maltego-go/internal/transforms/riot_ip_lookup.go:13.38,13.72 1 1
github.com/greynoise-maltego/maltego-go/internal/transforms/riot_ip_lookup.go:15.123,19.16 3 3
github.com/greynoise-maltego/maltego-go/internal/transforms/riot_ip_lookup.go:19.16,22.3 2 1
github.com/greynoise-maltego/maltego-go/internal/transforms/riot_ip_lookup.go:24.2,24.13 1 2
github.com/greynoise-maltego/maltego-go/internal/transforms/riot_ip_lookup.go:24.13,27.3 2 1
github.com/greynoise-maltego/maltego-go/internal/transforms/riot_ip_lookup.go:29.2,46.18 4 1
github.com/greynoise-maltego/maltego-go/internal/server/server.go:25.69,27.2 1 0
github.com/greynoise-maltego/maltego-go/internal/server/server.go:29.140,39.2 7 13
github.com/greynoise-maltego/maltego-go/internal/server/server.go:41.30,43.2 1 0
github.com/greynoise-maltego/maltego-go/internal/server/server.go:45.32,49.2 3 13
github.com/greynoise-maltego/maltego-go/internal/server/server.go:51.46,59.2 3 3
github.com/greynoise-maltego/maltego-go/internal/server/server.go:61.50,65.9 3 12
github.com/greynoise-maltego/maltego-go/internal/server/server.go:65.9,69.3 3 1
github.com/greynoise-maltego/maltego-go/internal/server/server.go:71.2,72.16 2 11
github.com/greynoise-maltego/maltego-go/internal/server/server.go:72.16,76.3 3 0
github.com/greynoise-maltego/maltego-go/internal/server/server.go:78.2,79.16 2 11
github.com/greynoise-maltego/maltego-go/internal/server/server.go:79.16,83.3 3 2
github.com/greynoise-maltego/maltego-go/internal/server/server.go:85.2,86.18 2 9
github.com/greynoise-maltego/maltego-go/internal/server/server.go:86.18,90.3 3 1
github.com/greynoise-maltego/maltego-go/internal/server/server.go:92.2,92.40 1 8
github.com/greynoise-maltego/maltego-go/internal/server/server.go:92.40,96.3 3 1
github.com/greynoise-maltego/maltego-go/internal/server/server.go:98.2,101.16 3 7
github.com/greynoise-maltego/maltego-go/internal/server/server.go:101.16,105.3 3 0
github.com/greynoise-maltego/maltego-go/internal/server/server.go:107.2,108.16 2 7
github.com/greynoise-maltego/maltego-go/internal/server/server.go:108.16,112.3 3 0
github.com/greynoise-maltego/maltego-go/internal/server/server.go:114.2,114.59 1 7
github.com/greynoise-maltego/maltego-go/internal/config/config.go:19.30,23.56 3 0
github.com/greynoise-maltego/maltego-go/internal/config/config.go:23.56,24.44 1 0
github.com/greynoise-maltego/maltego-go/internal/config/config.go:24.44,26.4 1 0
github.com/greynoise-maltego/maltego-go/internal/config/config.go:29.2,30.16 2 0
github.com/greynoise-maltego/maltego-go/internal/config/config.go:30.16,32.3 1 0
github.com/greynoise-maltego/maltego-go/internal/config/config.go:34.2,35.19 2 0
github.com/greynoise-maltego/maltego-go/internal/config/config.go:35.19,37.3 1 0
github.com/greynoise-maltego/maltego-go/internal/config/config.go:39.2,40.18 2 0
github.com/greynoise-maltego/maltego-go/internal/config/config.go:40.18,42.3 1 0
github.com/greynoise-maltego/maltego-go/internal/config/config.go:44.2,49.8 1 0
github.com/greynoise-maltego/maltego-go/internal/greynoise/client.go:35.61,42.2 1 0
github.com/greynoise-maltego/maltego-go/internal/greynoise/client.go:44.85,46.16 2 0
github.com/greynoise-maltego/maltego-go/internal/greynoise/client.go:46.16,48.3 1 0
github.com/greynoise-maltego/maltego-go/internal/greynoise/client.go:49.2,53.16 4 0
github.com/greynoise-maltego/maltego-go/internal/greynoise/client.go:53.16,55.3 1 0
github.com/greynoise-maltego/maltego-go/internal/greynoise/client.go:56.2,59.16 3 0
github.com/greynoise-maltego/maltego-go/internal/greynoise/client.go:59.16,61.3 1 0
github.com/greynoise-maltego/maltego-go/internal/greynoise/client.go:63.2,63.44 1 0
github.com/greynoise-maltego/maltego-go/internal/greynoise/client.go:63.44,65.3 1 0
github.com/greynoise-maltego/maltego-go/internal/greynoise/client.go:66.2,66.38 1 0
github.com/greynoise-maltego/maltego-go/internal/greynoise/client.go:66.38,68.3 1 0
github.com/greynoise-maltego/maltego-go/internal/greynoise/client.go:70.2,70.50 1 0
github.com/greynoise-maltego/maltego-go/internal/greynoise/client.go:70.50,72.3 1 0
github.com/greynoise-maltego/maltego-go/internal/greynoise/client.go:73.2,73.12 1 0
github.com/greynoise-maltego/maltego-go/internal/greynoise/client.go:76.94,78.82 2 0
github.com/greynoise-maltego/maltego-go/internal/greynoise/client.go:78.82,80.3 1 0
github.com/greynoise-maltego/maltego-go/internal/greynoise/client.go:81.2,81.16 1 0
github.com/greynoise-maltego/maltego-go/internal/greynoise/client.go:84.90,86.86 2 0
github.com/greynoise-maltego/maltego-go/internal/greynoise/client.go:86.86,88.3 1 0
github.com/greynoise-maltego/maltego-go/internal/greynoise/client.go:89.2,89.16 1 0
github.com/greynoise-maltego/maltego-go/internal/greynoise/client.go:92.82,94.77 2 0
github.com/greynoise-maltego/maltego-go/internal/greynoise/client.go:94.77,96.3 1 0
github.com/greynoise-maltego/maltego-go/internal/greynoise/client.go:97.2,97.16 1 0
github.com/greynoise-maltego/maltego-go/internal/greynoise/client.go:100.94,102.90 2 0
github.com/greynoise-maltego/maltego-go/internal/greynoise/client.go:102.90,104.3 1 0
github.com/greynoise-maltego/maltego-go/internal/greynoise/client.go:105.2,105.16 1 0
github.com/greynoise-maltego/maltego-go/internal/greynoise/client.go:108.95,109.15 1 0
github.com/greynoise-maltego/maltego-go/internal/greynoise/client.go:109.15,111.3 1 0
github.com/greynoise-maltego/maltego-go/internal/greynoise/client.go:112.2,114.42 3 0
github.com/greynoise-maltego/maltego-go/internal/greynoise/client.go:114.42,116.3 1 0
github.com/greynoise-maltego/maltego-go/internal/greynoise/client.go:117.2,117.16 1 0
github.com/greynoise-maltego/maltego-go/internal/greynoise/mock.go:14.94,16.2 1 0
github.com/greynoise-maltego/maltego-go/internal/greynoise/mock.go:18.90,20.2 1 0
github.com/greynoise-maltego/maltego-go/internal/greynoise/mock.go:22.82,24.2 1 0
github.com/greynoise-maltego/maltego-go/internal/greynoise/mock.go:26.94,28.2 1 0
github.com/greynoise-maltego/maltego-go/internal/greynoise/mock.go:30.95,32.2 1 0
